[debug] [2024-05-16T05:39:48.389Z] ----------------------------------------------------------------------
[debug] [2024-05-16T05:39:48.391Z] Command:       C:\Program Files\nodejs\node.exe C:\Users\Asus\AppData\Roaming\npm\node_modules\firebase-tools\lib\bin\firebase.js init hosting
[debug] [2024-05-16T05:39:48.391Z] CLI Version:   13.9.0
[debug] [2024-05-16T05:39:48.392Z] Platform:      win32
[debug] [2024-05-16T05:39:48.392Z] Node Version:  v20.11.0
[debug] [2024-05-16T05:39:48.392Z] Time:          Thu May 16 2024 11:24:48 GMT+0545 (Nepal Time)
[debug] [2024-05-16T05:39:48.392Z] ----------------------------------------------------------------------
[debug] 
[debug] [2024-05-16T05:39:48.461Z] > command requires scopes: ["email","openid","https://www.googleapis.com/auth/cloudplatformprojects.readonly","https://www.googleapis.com/auth/firebase","https://www.googleapis.com/auth/cloud-platform"]
[debug] [2024-05-16T05:39:48.462Z] > authorizing via signed-in user (sangitpant2058@gmail.com)
[info] 
     ######## #### ########  ######## ########     ###     ######  ########
     ##        ##  ##     ## ##       ##     ##  ##   ##  ##       ##
     ######    ##  ########  ######   ########  #########  ######  ######
     ##        ##  ##    ##  ##       ##     ## ##     ##       ## ##
     ##       #### ##     ## ######## ########  ##     ##  ######  ########

You're about to initialize a Firebase project in this directory:

  C:\Users\Asus\Desktop\new

Before we get started, keep in mind:

  * You are initializing within an existing Firebase project directory

[info] 
=== Project Setup
[info] 
[info] First, let's associate this project directory with a Firebase project.
[info] You can create multiple project aliases by running firebase use --add, 
[info] but for now we'll just set up a default project.
[info] 
[debug] [2024-05-16T05:39:49.957Z] Using project from CLI flag: grc-project-a0eba
[debug] [2024-05-16T05:39:49.958Z] > refreshing access token with scopes: []
[debug] [2024-05-16T05:39:49.960Z] >>> [apiv2][query] POST https://www.googleapis.com/oauth2/v3/token [none]
[debug] [2024-05-16T05:39:49.960Z] >>> [apiv2][body] POST https://www.googleapis.com/oauth2/v3/token [omitted]
[debug] [2024-05-16T05:39:50.573Z] <<< [apiv2][status] POST https://www.googleapis.com/oauth2/v3/token 200
[debug] [2024-05-16T05:39:50.573Z] <<< [apiv2][body] POST https://www.googleapis.com/oauth2/v3/token [omitted]
[debug] [2024-05-16T05:39:50.580Z] >>> [apiv2][query] GET https://firebase.googleapis.com/v1beta1/projects/grc-project-a0eba [none]
[debug] [2024-05-16T05:39:51.225Z] <<< [apiv2][status] GET https://firebase.googleapis.com/v1beta1/projects/grc-project-a0eba 200
[debug] [2024-05-16T05:39:51.226Z] <<< [apiv2][body] GET https://firebase.googleapis.com/v1beta1/projects/grc-project-a0eba {"projectId":"grc-project-a0eba","projectNumber":"399378311808","displayName":"GRC Project","name":"projects/grc-project-a0eba","resources":{"hostingSite":"grc-project-a0eba","realtimeDatabaseInstance":"grc-project-a0eba-default-rtdb","storageBucket":"grc-project-a0eba.appspot.com","locationId":"us-central"},"state":"ACTIVE","etag":"1_9906b1ce-533a-4542-8b67-9ad46887e55e"}
[info] i  Using project grc-project-a0eba (GRC Project) 
[info] 
=== Hosting Setup
[debug] [2024-05-16T05:39:51.231Z] >>> [apiv2][query] GET https://firebase.googleapis.com/v1beta1/projects/grc-project-a0eba [none]
[debug] [2024-05-16T05:39:51.628Z] <<< [apiv2][status] GET https://firebase.googleapis.com/v1beta1/projects/grc-project-a0eba 200
[debug] [2024-05-16T05:39:51.628Z] <<< [apiv2][body] GET https://firebase.googleapis.com/v1beta1/projects/grc-project-a0eba {"projectId":"grc-project-a0eba","projectNumber":"399378311808","displayName":"GRC Project","name":"projects/grc-project-a0eba","resources":{"hostingSite":"grc-project-a0eba","realtimeDatabaseInstance":"grc-project-a0eba-default-rtdb","storageBucket":"grc-project-a0eba.appspot.com","locationId":"us-central"},"state":"ACTIVE","etag":"1_9906b1ce-533a-4542-8b67-9ad46887e55e"}
[info] 
[info] Your public directory is the folder (relative to your project directory) that
[info] will contain Hosting assets to be uploaded with firebase deploy. If you
[info] have a build process for your assets, use your build's output directory.
[info] 
[debug] [2024-05-16T05:40:41.794Z] Error: Path contains invalid characters: C:\Users\Asus\Desktop\new\C:\Users\Asus\Desktop\new
    at checkPath (C:\Users\Asus\AppData\Roaming\npm\node_modules\firebase-tools\node_modules\fs-extra\lib\mkdirs\utils.js:16:21)
    at module.exports.makeDirSync (C:\Users\Asus\AppData\Roaming\npm\node_modules\firebase-tools\node_modules\fs-extra\lib\mkdirs\make-dir.js:21:3)
    at Object.createFileSync (C:\Users\Asus\AppData\Roaming\npm\node_modules\firebase-tools\node_modules\fs-extra\lib\ensure\file.js:59:45)
    at Config.writeProjectFile (C:\Users\Asus\AppData\Roaming\npm\node_modules\firebase-tools\lib\config.js:154:12)
    at C:\Users\Asus\AppData\Roaming\npm\node_modules\firebase-tools\lib\config.js:178:22
    at process.processTicksAndRejections (node:internal/process/task_queues:95:5)
    at async doSetup (C:\Users\Asus\AppData\Roaming\npm\node_modules\firebase-tools\lib\init\features\hosting\index.js:173:13)
    at async init (C:\Users\Asus\AppData\Roaming\npm\node_modules\firebase-tools\lib\init\index.js:39:9)
[error] 
[error] Error: An unexpected error has occurred.
[debug] [2024-05-16T05:40:46.652Z] ----------------------------------------------------------------------
[debug] [2024-05-16T05:40:46.655Z] Command:       C:\Program Files\nodejs\node.exe C:\Users\Asus\AppData\Roaming\npm\node_modules\firebase-tools\lib\bin\firebase.js init hosting
[debug] [2024-05-16T05:40:46.655Z] CLI Version:   13.9.0
[debug] [2024-05-16T05:40:46.656Z] Platform:      win32
[debug] [2024-05-16T05:40:46.656Z] Node Version:  v20.11.0
[debug] [2024-05-16T05:40:46.656Z] Time:          Thu May 16 2024 11:25:46 GMT+0545 (Nepal Time)
[debug] [2024-05-16T05:40:46.656Z] ----------------------------------------------------------------------
[debug] 
[debug] [2024-05-16T05:40:46.730Z] > command requires scopes: ["email","openid","https://www.googleapis.com/auth/cloudplatformprojects.readonly","https://www.googleapis.com/auth/firebase","https://www.googleapis.com/auth/cloud-platform"]
[debug] [2024-05-16T05:40:46.731Z] > authorizing via signed-in user (sangitpant2058@gmail.com)
[info] 
     ######## #### ########  ######## ########     ###     ######  ########
     ##        ##  ##     ## ##       ##     ##  ##   ##  ##       ##
     ######    ##  ########  ######   ########  #########  ######  ######
     ##        ##  ##    ##  ##       ##     ## ##     ##       ## ##
     ##       #### ##     ## ######## ########  ##     ##  ######  ########

You're about to initialize a Firebase project in this directory:

  C:\Users\Asus\Desktop\new

Before we get started, keep in mind:

  * You are initializing within an existing Firebase project directory

[info] 
=== Project Setup
[info] 
[info] First, let's associate this project directory with a Firebase project.
[info] You can create multiple project aliases by running firebase use --add, 
[info] but for now we'll just set up a default project.
[info] 
[debug] [2024-05-16T05:40:47.993Z] Using project from CLI flag: grc-project-a0eba
[debug] [2024-05-16T05:40:47.996Z] >>> [apiv2][query] GET https://firebase.googleapis.com/v1beta1/projects/grc-project-a0eba [none]
[debug] [2024-05-16T05:40:48.662Z] <<< [apiv2][status] GET https://firebase.googleapis.com/v1beta1/projects/grc-project-a0eba 200
[debug] [2024-05-16T05:40:48.662Z] <<< [apiv2][body] GET https://firebase.googleapis.com/v1beta1/projects/grc-project-a0eba {"projectId":"grc-project-a0eba","projectNumber":"399378311808","displayName":"GRC Project","name":"projects/grc-project-a0eba","resources":{"hostingSite":"grc-project-a0eba","realtimeDatabaseInstance":"grc-project-a0eba-default-rtdb","storageBucket":"grc-project-a0eba.appspot.com","locationId":"us-central"},"state":"ACTIVE","etag":"1_9906b1ce-533a-4542-8b67-9ad46887e55e"}
[info] i  Using project grc-project-a0eba (GRC Project) 
[info] 
=== Hosting Setup
[debug] [2024-05-16T05:40:48.673Z] >>> [apiv2][query] GET https://firebase.googleapis.com/v1beta1/projects/grc-project-a0eba [none]
[debug] [2024-05-16T05:40:49.207Z] <<< [apiv2][status] GET https://firebase.googleapis.com/v1beta1/projects/grc-project-a0eba 200
[debug] [2024-05-16T05:40:49.208Z] <<< [apiv2][body] GET https://firebase.googleapis.com/v1beta1/projects/grc-project-a0eba {"projectId":"grc-project-a0eba","projectNumber":"399378311808","displayName":"GRC Project","name":"projects/grc-project-a0eba","resources":{"hostingSite":"grc-project-a0eba","realtimeDatabaseInstance":"grc-project-a0eba-default-rtdb","storageBucket":"grc-project-a0eba.appspot.com","locationId":"us-central"},"state":"ACTIVE","etag":"1_9906b1ce-533a-4542-8b67-9ad46887e55e"}
[info] 
[info] Your public directory is the folder (relative to your project directory) that
[info] will contain Hosting assets to be uploaded with firebase deploy. If you
[info] have a build process for your assets, use your build's output directory.
[info] 
[debug] [2024-05-16T05:40:55.913Z] >>> [apiv2][query] GET https://www.gstatic.com/firebasejs/releases.json [none]
[debug] [2024-05-16T05:40:56.124Z] <<< [apiv2][status] GET https://www.gstatic.com/firebasejs/releases.json 200
[debug] [2024-05-16T05:40:56.125Z] <<< [apiv2][body] GET https://www.gstatic.com/firebasejs/releases.json {"current":{"version":"10.12.0","browserURL":"https://www.gstatic.com/firebasejs/10.12.0/firebase.js","packageURL":"https://www.gstatic.com/firebasejs/10.12.0/firebase.tgz"},"live":{"version":"10.12","browserURL":"https://www.gstatic.com/firebasejs/live/10.12/firebase.js","packageURL":"https://www.gstatic.com/firebasejs/live/10.12/firebase.tgz"},"components":{"analytics":"https://www.gstatic.com/firebasejs/10.12.0/firebase-analytics.js","app":"https://www.gstatic.com/firebasejs/10.12.0/firebase-app.js","app-check":"https://www.gstatic.com/firebasejs/10.12.0/firebase-app-check.js","auth":"https://www.gstatic.com/firebasejs/10.12.0/firebase-auth.js","auth/cordova":"https://www.gstatic.com/firebasejs/10.12.0/firebase-auth/cordova.js","auth/web-extension":"https://www.gstatic.com/firebasejs/10.12.0/firebase-auth/web-extension.js","functions":"https://www.gstatic.com/firebasejs/10.12.0/firebase-functions.js","firestore":"https://www.gstatic.com/firebasejs/10.12.0/firebase-firestore.js","firestore/lite":"https://www.gstatic.com/firebasejs/10.12.0/firebase-firestore/lite.js","installations":"https://www.gstatic.com/firebasejs/10.12.0/firebase-installations.js","storage":"https://www.gstatic.com/firebasejs/10.12.0/firebase-storage.js","performance":"https://www.gstatic.com/firebasejs/10.12.0/firebase-performance.js","remote-config":"https://www.gstatic.com/firebasejs/10.12.0/firebase-remote-config.js","messaging":"https://www.gstatic.com/firebasejs/10.12.0/firebase-messaging.js","messaging/sw":"https://www.gstatic.com/firebasejs/10.12.0/firebase-messaging/sw.js","database":"https://www.gstatic.com/firebasejs/10.12.0/firebase-database.js","vertexai-preview":"https://www.gstatic.com/firebasejs/10.12.0/firebase-vertexai-preview.js","firestore.memory":"https://www.gstatic.com/firebasejs/10.12.0/firebase-firestore.memory.js"}}
[debug] [2024-05-16T05:40:56.348Z] Error: Path contains invalid characters: C:\Users\Asus\Desktop\new\C:\Users\Asus\Desktop\new
    at checkPath (C:\Users\Asus\AppData\Roaming\npm\node_modules\firebase-tools\node_modules\fs-extra\lib\mkdirs\utils.js:16:21)
    at module.exports.makeDirSync (C:\Users\Asus\AppData\Roaming\npm\node_modules\firebase-tools\node_modules\fs-extra\lib\mkdirs\make-dir.js:21:3)
    at Object.createFileSync (C:\Users\Asus\AppData\Roaming\npm\node_modules\firebase-tools\node_modules\fs-extra\lib\ensure\file.js:59:45)
    at Config.writeProjectFile (C:\Users\Asus\AppData\Roaming\npm\node_modules\firebase-tools\lib\config.js:154:12)
    at C:\Users\Asus\AppData\Roaming\npm\node_modules\firebase-tools\lib\config.js:178:22
    at process.processTicksAndRejections (node:internal/process/task_queues:95:5)
    at async doSetup (C:\Users\Asus\AppData\Roaming\npm\node_modules\firebase-tools\lib\init\features\hosting\index.js:177:9)
    at async init (C:\Users\Asus\AppData\Roaming\npm\node_modules\firebase-tools\lib\init\index.js:39:9)
[error] 
[error] Error: An unexpected error has occurred.
